<?xml version="1.0" encoding="UTF-8"?>
<!-- Generated by org.testng.reporters.JUnitReportReporter -->
<testsuite hostname="DESKTOP-4L4F65Q" failures="0" tests="4" name="testcases.Tc_01_Login" time="34.254" errors="0" timestamp="2024-12-04T22:54:44 IST" skipped="0">
  <testcase classname="testcases.Tc_01_Login" name="login" time="6.176"/>
  <system-out/>
  <testcase classname="testcases.Tc_01_Login" name="login" time="9.908"/>
  <system-out/>
  <testcase classname="testcases.Tc_01_Login" name="login" time="8.683"/>
  <system-out/>
  <testcase classname="testcases.Tc_01_Login" name="login" time="9.487"/>
  <system-out/>
</testsuite> <!-- testcases.Tc_01_Login -->
