<?xml version="1.0" encoding="UTF-8"?>
<!-- Generated by org.testng.reporters.JUnitReportReporter -->
<testsuite hostname="DESKTOP-4L4F65Q" failures="0" tests="4" name="testcases.Tc_01_Login" time="36.994" errors="0" timestamp="2024-12-05T22:02:09 IST" skipped="0">
  <testcase classname="testcases.Tc_01_Login" name="login" time="7.510"/>
  <system-out/>
  <testcase classname="testcases.Tc_01_Login" name="login" time="9.075"/>
  <system-out/>
  <testcase classname="testcases.Tc_01_Login" name="login" time="7.884"/>
  <system-out/>
  <testcase classname="testcases.Tc_01_Login" name="login" time="12.525"/>
  <system-out/>
</testsuite> <!-- testcases.Tc_01_Login -->
