<?xml version="1.0" encoding="UTF-8"?>
<!-- Generated by org.testng.reporters.JUnitReportReporter -->
<testsuite hostname="Veramasa-Ganesh" failures="0" tests="4" name="testcases.Tc_01_Login" time="23.180" errors="0" timestamp="2025-01-28T14:51:51 IST" skipped="0">
  <testcase classname="testcases.Tc_01_Login" name="login" time="5.483"/>
  <system-out/>
  <testcase classname="testcases.Tc_01_Login" name="login" time="5.780"/>
  <system-out/>
  <testcase classname="testcases.Tc_01_Login" name="login" time="6.307"/>
  <system-out/>
  <testcase classname="testcases.Tc_01_Login" name="login" time="5.610"/>
  <system-out/>
</testsuite> <!-- testcases.Tc_01_Login -->
